#
# There is insufficient memory for the Java Runtime Environment to continue.
# Native memory allocation (malloc) failed to allocate 32744 bytes for ChunkPool::allocate
# Possible reasons:
#   The system is out of physical RAM or swap space
#   In 32 bit mode, the process size limit was hit
# Possible solutions:
#   Reduce memory load on the system
#   Increase physical memory or swap space
#   Check if swap backing store is full
#   Use 64 bit Java on a 64 bit OS
#   Decrease Java heap size (-Xmx/-Xms)
#   Decrease number of Java threads
#   Decrease Java thread stack sizes (-Xss)
#   Set larger code cache with -XX:ReservedCodeCacheSize=
# This output file may be truncated or incomplete.
#
#  Out of Memory Error (allocation.cpp:273), pid=3564, tid=0x0000000000002cac
#
# JRE version: Java(TM) SE Runtime Environment (8.0_141-b15) (build 1.8.0_141-b15)
# Java VM: Java HotSpot(TM) 64-Bit Server VM (25.141-b15 mixed mode windows-amd64 compressed oops)
# Failed to write core dump. Minidumps are not enabled by default on client versions of Windows
#

---------------  T H R E A D  ---------------

Current thread (0x00000000167a1800):  JavaThread "C1 CompilerThread2" daemon [_thread_in_native, id=11436, stack(0x0000000016ac0000,0x0000000016bc0000)]

Stack: [0x0000000016ac0000,0x0000000016bc0000]
[error occurred during error reporting (printing stack bounds), id 0xc0000005]

Native frames: (J=compiled Java code, j=interpreted, Vv=VM code, C=native code)


Current CompileTask:
C1:  31425 2005       3       jdk.nashorn.internal.runtime.ECMAErrors::referenceError (36 bytes)


---------------  P R O C E S S  ---------------

Java Threads: ( => current thread )
  0x00000000027f6800 JavaThread "DestroyJavaVM" [_thread_blocked, id=8684, stack(0x00000000024f0000,0x00000000025f0000)]
  0x0000000017850000 JavaThread "jsEventLoop" [_thread_blocked, id=5932, stack(0x0000000018790000,0x0000000018890000)]
  0x0000000016bf0800 JavaThread "Service Thread" daemon [_thread_blocked, id=9832, stack(0x00000000173c0000,0x00000000174c0000)]
=>0x00000000167a1800 JavaThread "C1 CompilerThread2" daemon [_thread_in_native, id=11436, stack(0x0000000016ac0000,0x0000000016bc0000)]
  0x000000001678c800 JavaThread "C2 CompilerThread1" daemon [_thread_blocked, id=1088, stack(0x00000000169c0000,0x0000000016ac0000)]
  0x000000001673e800 JavaThread "C2 CompilerThread0" daemon [_thread_blocked, id=8820, stack(0x00000000168c0000,0x00000000169c0000)]
  0x000000001673b000 JavaThread "Monitor Ctrl-Break" daemon [_thread_in_native, id=9012, stack(0x00000000167c0000,0x00000000168c0000)]
  0x0000000014e78000 JavaThread "Attach Listener" daemon [_thread_blocked, id=260, stack(0x00000000162c0000,0x00000000163c0000)]
  0x0000000014e77000 JavaThread "Signal Dispatcher" daemon [_thread_blocked, id=9340, stack(0x00000000161c0000,0x00000000162c0000)]
  0x0000000014e5a800 JavaThread "Finalizer" daemon [_thread_blocked, id=6280, stack(0x00000000160c0000,0x00000000161c0000)]
  0x00000000028e4000 JavaThread "Reference Handler" daemon [_thread_blocked, id=10136, stack(0x0000000015fc0000,0x00000000160c0000)]

Other Threads:
  0x0000000014e38000 VMThread [stack: 0x0000000015ec0000,0x0000000015fc0000] [id=10460]
  0x00000000167bd800 WatcherThread [stack: 0x00000000174c0000,0x00000000175c0000] [id=7772]

VM state:not at safepoint (normal execution)

VM Mutex/Monitor currently owned by a thread: None

Heap:
 PSYoungGen      total 18432K, used 12313K [0x00000000eb600000, 0x00000000eca80000, 0x0000000100000000)
  eden space 15872K, 61% used [0x00000000eb600000,0x00000000ebf86600,0x00000000ec580000)
  from space 2560K, 100% used [0x00000000ec800000,0x00000000eca80000,0x00000000eca80000)
  to   space 2560K, 0% used [0x00000000ec580000,0x00000000ec580000,0x00000000ec800000)
 ParOldGen       total 42496K, used 2933K [0x00000000c2200000, 0x00000000c4b80000, 0x00000000eb600000)
  object space 42496K, 6% used [0x00000000c2200000,0x00000000c24dd4f0,0x00000000c4b80000)
 Metaspace       used 11933K, capacity 12914K, committed 13184K, reserved 1060864K
  class space    used 1456K, capacity 1830K, committed 1920K, reserved 1048576K

Card table byte_map: [0x0000000011cb0000,0x0000000011ea0000] byte_map_base: 0x000000001169f000

Marking Bits: (ParMarkBitMap*) 0x0000000063eed850
 Begin Bits: [0x00000000123f0000, 0x0000000013368000)
 End Bits:   [0x0000000013368000, 0x00000000142e0000)

Polling page: 0x00000000009c0000

CodeCache: size=245760Kb used=6208Kb max_used=6230Kb free=239551Kb
 bounds [0x00000000028f0000, 0x0000000002f10000, 0x00000000118f0000]
 total_blobs=2375 nmethods=2006 adapters=281
 compilation: enabled

Compilation events (10 events):
Event: 29.950 Thread 0x00000000167a1800 2000       3       java.lang.invoke.LambdaForm$BMH/1708570683::reinvoke (29 bytes)
Event: 29.950 Thread 0x000000001673e800 nmethod 2002 0x0000000002f03690 code [0x0000000002f037e0, 0x0000000002f03888]
Event: 29.950 Thread 0x00000000167a1800 nmethod 2000 0x0000000002f02e10 code [0x0000000002f02fa0, 0x0000000002f03538]
Event: 29.950 Thread 0x00000000167a1800 2001       3       java.lang.invoke.LambdaForm$BMH/454325163::reinvoke (27 bytes)
Event: 29.951 Thread 0x00000000167a1800 nmethod 2001 0x0000000002f025d0 code [0x0000000002f02760, 0x0000000002f02cd8]
Event: 30.687 Thread 0x000000001678c800 2003       4       java.lang.invoke.LambdaFormEditor$Transform::inRange (36 bytes)
Event: 30.688 Thread 0x000000001678c800 nmethod 2003 0x0000000002e121d0 code [0x0000000002e12300, 0x0000000002e12358]
Event: 31.337 Thread 0x00000000167a1800 2004       3       jdk.nashorn.internal.runtime.ECMAErrors::referenceError (8 bytes)
Event: 31.337 Thread 0x00000000167a1800 nmethod 2004 0x0000000002f04d50 code [0x0000000002f04ec0, 0x0000000002f05048]
Event: 31.337 Thread 0x00000000167a1800 2005       3       jdk.nashorn.internal.runtime.ECMAErrors::referenceError (36 bytes)

GC Heap History (4 events):
Event: 0.947 GC heap before
{Heap before GC invocations=1 (full 0):
 PSYoungGen      total 18432K, used 15872K [0x00000000eb600000, 0x00000000eca80000, 0x0000000100000000)
  eden space 15872K, 100% used [0x00000000eb600000,0x00000000ec580000,0x00000000ec580000)
  from space 2560K, 0% used [0x00000000ec800000,0x00000000ec800000,0x00000000eca80000)
  to   space 2560K, 0% used [0x00000000ec580000,0x00000000ec580000,0x00000000ec800000)
 ParOldGen       total 42496K, used 0K [0x00000000c2200000, 0x00000000c4b80000, 0x00000000eb600000)
  object space 42496K, 0% used [0x00000000c2200000,0x00000000c2200000,0x00000000c4b80000)
 Metaspace       used 7296K, capacity 7544K, committed 7680K, reserved 1056768K
  class space    used 828K, capacity 930K, committed 1024K, reserved 1048576K
Event: 0.955 GC heap after
Heap after GC invocations=1 (full 0):
 PSYoungGen      total 18432K, used 2546K [0x00000000eb600000, 0x00000000eca80000, 0x0000000100000000)
  eden space 15872K, 0% used [0x00000000eb600000,0x00000000eb600000,0x00000000ec580000)
  from space 2560K, 99% used [0x00000000ec580000,0x00000000ec7fca00,0x00000000ec800000)
  to   space 2560K, 0% used [0x00000000ec800000,0x00000000ec800000,0x00000000eca80000)
 ParOldGen       total 42496K, used 935K [0x00000000c2200000, 0x00000000c4b80000, 0x00000000eb600000)
  object space 42496K, 2% used [0x00000000c2200000,0x00000000c22e9f70,0x00000000c4b80000)
 Metaspace       used 7296K, capacity 7544K, committed 7680K, reserved 1056768K
  class space    used 828K, capacity 930K, committed 1024K, reserved 1048576K
}
Event: 1.603 GC heap before
{Heap before GC invocations=2 (full 0):
 PSYoungGen      total 18432K, used 18418K [0x00000000eb600000, 0x00000000eca80000, 0x0000000100000000)
  eden space 15872K, 100% used [0x00000000eb600000,0x00000000ec580000,0x00000000ec580000)
  from space 2560K, 99% used [0x00000000ec580000,0x00000000ec7fca00,0x00000000ec800000)
  to   space 2560K, 0% used [0x00000000ec800000,0x00000000ec800000,0x00000000eca80000)
 ParOldGen       total 42496K, used 935K [0x00000000c2200000, 0x00000000c4b80000, 0x00000000eb600000)
  object space 42496K, 2% used [0x00000000c2200000,0x00000000c22e9f70,0x00000000c4b80000)
 Metaspace       used 10835K, capacity 11302K, committed 11392K, reserved 1058816K
  class space    used 1323K, capacity 1580K, committed 1664K, reserved 1048576K
Event: 1.612 GC heap after
Heap after GC invocations=2 (full 0):
 PSYoungGen      total 18432K, used 2560K [0x00000000eb600000, 0x00000000eca80000, 0x0000000100000000)
  eden space 15872K, 0% used [0x00000000eb600000,0x00000000eb600000,0x00000000ec580000)
  from space 2560K, 100% used [0x00000000ec800000,0x00000000eca80000,0x00000000eca80000)
  to   space 2560K, 0% used [0x00000000ec580000,0x00000000ec580000,0x00000000ec800000)
 ParOldGen       total 42496K, used 2933K [0x00000000c2200000, 0x00000000c4b80000, 0x00000000eb600000)
  object space 42496K, 6% used [0x00000000c2200000,0x00000000c24dd4f0,0x00000000c4b80000)
 Metaspace       used 10835K, capacity 11302K, committed 11392K, reserved 1058816K
  class space    used 1323K, capacity 1580K, committed 1664K, reserved 1048576K
}

Deoptimization events (4 events):
Event: 1.101 Thread 0x00000000027f6800 Uncommon trap: reason=unstable_if action=reinterpret pc=0x0000000002b9c7c0 method=jdk.internal.org.objectweb.asm.Type.getArgumentsAndReturnSizes(Ljava/lang/String;)I @ 88
Event: 1.448 Thread 0x00000000027f6800 Uncommon trap: reason=unstable_if action=reinterpret pc=0x0000000002c60d14 method=jdk.internal.org.objectweb.asm.Frame.pop()I @ 4
Event: 1.760 Thread 0x00000000027f6800 Uncommon trap: reason=unstable_if action=reinterpret pc=0x0000000002d3bd18 method=jdk.internal.org.objectweb.asm.MethodWriter.visitVarInsn(II)V @ 277
Event: 15.988 Thread 0x0000000017850000 Uncommon trap: reason=null_check action=make_not_entrant pc=0x0000000002e155d8 method=sun.invoke.util.VerifyType.isNullConversion(Ljava/lang/Class;Ljava/lang/Class;Z)Z @ 12

Internal exceptions (10 events):
Event: 0.339 Thread 0x00000000027f6800 Exception <a 'java/security/PrivilegedActionException'> (0x00000000eb830f10) thrown at [C:\re\workspace\8-2-build-windows-amd64-cygwin\jdk8u141\9370\hotspot\src\share\vm\prims\jvm.cpp, line 1390]
Event: 0.341 Thread 0x00000000027f6800 Exception <a 'java/security/PrivilegedActionException'> (0x00000000eb833020) thrown at [C:\re\workspace\8-2-build-windows-amd64-cygwin\jdk8u141\9370\hotspot\src\share\vm\prims\jvm.cpp, line 1390]
Event: 0.341 Thread 0x00000000027f6800 Exception <a 'java/security/PrivilegedActionException'> (0x00000000eb833230) thrown at [C:\re\workspace\8-2-build-windows-amd64-cygwin\jdk8u141\9370\hotspot\src\share\vm\prims\jvm.cpp, line 1390]
Event: 0.461 Thread 0x00000000027f6800 Exception <a 'java/security/PrivilegedActionException'> (0x00000000eb9e2ec0) thrown at [C:\re\workspace\8-2-build-windows-amd64-cygwin\jdk8u141\9370\hotspot\src\share\vm\prims\jvm.cpp, line 1390]
Event: 0.461 Thread 0x00000000027f6800 Exception <a 'java/security/PrivilegedActionException'> (0x00000000eb9e30d0) thrown at [C:\re\workspace\8-2-build-windows-amd64-cygwin\jdk8u141\9370\hotspot\src\share\vm\prims\jvm.cpp, line 1390]
Event: 0.462 Thread 0x00000000027f6800 Exception <a 'java/security/PrivilegedActionException'> (0x00000000eb9e6fe0) thrown at [C:\re\workspace\8-2-build-windows-amd64-cygwin\jdk8u141\9370\hotspot\src\share\vm\prims\jvm.cpp, line 1390]
Event: 0.462 Thread 0x00000000027f6800 Exception <a 'java/security/PrivilegedActionException'> (0x00000000eb9e71f0) thrown at [C:\re\workspace\8-2-build-windows-amd64-cygwin\jdk8u141\9370\hotspot\src\share\vm\prims\jvm.cpp, line 1390]
Event: 0.710 Thread 0x00000000027f6800 Exception <a 'java/lang/NoSuchFieldError': method resolution failed> (0x00000000ebf59dd8) thrown at [C:\re\workspace\8-2-build-windows-amd64-cygwin\jdk8u141\9370\hotspot\src\share\vm\prims\methodHandles.cpp, line 1146]
Event: 0.713 Thread 0x00000000027f6800 Exception <a 'java/lang/NoSuchFieldError': method resolution failed> (0x00000000ebf67ca0) thrown at [C:\re\workspace\8-2-build-windows-amd64-cygwin\jdk8u141\9370\hotspot\src\share\vm\prims\methodHandles.cpp, line 1146]
Event: 1.721 Thread 0x00000000027f6800 Exception <a 'java/lang/ClassNotFoundException': jdk/nashorn/internal/runtime/ScriptFunction> (0x00000000eb96a820) thrown at [C:\re\workspace\8-2-build-windows-amd64-cygwin\jdk8u141\9370\hotspot\src\share\vm\classfile\systemDictionary.cpp, line 210]

Events (10 events):
Event: 1.903 loading class jdk/nashorn/internal/runtime/ScriptObject done
Event: 1.905 loading class jdk/nashorn/internal/runtime/ScriptObject
Event: 1.905 loading class jdk/nashorn/internal/runtime/ScriptObject done
Event: 1.907 loading class jdk/nashorn/internal/runtime/Undefined
Event: 1.907 loading class jdk/nashorn/internal/runtime/Undefined done
Event: 4.470 Executing VM operation: EnableBiasedLocking
Event: 4.470 Executing VM operation: EnableBiasedLocking done
Event: 15.988 Thread 0x0000000017850000 Uncommon trap: trap_request=0xfffffff4 fr.pc=0x0000000002e155d8
Event: 15.988 Thread 0x0000000017850000 DEOPT PACKING pc=0x0000000002e155d8 sp=0x000000001888e440
Event: 15.988 Thread 0x0000000017850000 DEOPT UNPACKING pc=0x000000000293582a sp=0x000000001888e3d0 mode 2


Dynamic libraries:
0x00007ff7a0d70000 - 0x00007ff7a0da7000 	C:\Program Files\Java\jdk1.8.0_141\bin\java.exe
0x00007ff9d8b80000 - 0x00007ff9d8d2d000 	C:\Windows\SYSTEM32\ntdll.dll
0x00007ff9d6be0000 - 0x00007ff9d6d1e000 	C:\Windows\system32\KERNEL32.DLL
0x00007ff9c8780000 - 0x00007ff9c87b4000 	C:\Program Files\AVAST Software\Avast\x64\aswhooka.dll
0x00007ff9d5f10000 - 0x00007ff9d6025000 	C:\Windows\system32\KERNELBASE.dll
0x00007ff9d4870000 - 0x00007ff9d48fe000 	C:\Windows\system32\apphelp.dll
0x00007ff9c67b0000 - 0x00007ff9c6803000 	C:\Windows\AppPatch\AppPatch64\AcGenral.DLL
0x00007ff9d8a70000 - 0x00007ff9d8b1a000 	C:\Windows\system32\msvcrt.dll
0x00007ff9d5de0000 - 0x00007ff9d5e0e000 	C:\Windows\system32\SspiCli.dll
0x00007ff9d71a0000 - 0x00007ff9d71f4000 	C:\Windows\system32\SHLWAPI.dll
0x00007ff9d6840000 - 0x00007ff9d69b7000 	C:\Windows\system32\USER32.dll
0x00007ff9d66a0000 - 0x00007ff9d6834000 	C:\Windows\system32\ole32.dll
0x00007ff9d7420000 - 0x00007ff9d894c000 	C:\Windows\system32\SHELL32.dll
0x00007ff9d5270000 - 0x00007ff9d5291000 	C:\Windows\SYSTEM32\USERENV.dll
0x00007ff9d6b30000 - 0x00007ff9d6bda000 	C:\Windows\system32\ADVAPI32.dll
0x00007ff9c88c0000 - 0x00007ff9c88de000 	C:\Windows\SYSTEM32\MPR.dll
0x00007ff9d6400000 - 0x00007ff9d6540000 	C:\Windows\system32\RPCRT4.dll
0x00007ff9d8b20000 - 0x00007ff9d8b79000 	C:\Windows\SYSTEM32\sechost.dll
0x00007ff9d7200000 - 0x00007ff9d7412000 	C:\Windows\SYSTEM32\combase.dll
0x00007ff9d6550000 - 0x00007ff9d669b000 	C:\Windows\system32\GDI32.dll
0x00007ff9d5cb0000 - 0x00007ff9d5cc5000 	C:\Windows\SYSTEM32\profapi.dll
0x00007ff9d4220000 - 0x00007ff9d42d2000 	C:\Windows\SYSTEM32\SHCORE.dll
0x00007ff9d7160000 - 0x00007ff9d7196000 	C:\Windows\system32\IMM32.DLL
0x00007ff9d69c0000 - 0x00007ff9d6b11000 	C:\Windows\system32\MSCTF.dll
0x00007ff9d3900000 - 0x00007ff9d3b7b000 	C:\Windows\WinSxS\amd64_microsoft.windows.common-controls_6595b64144ccf1df_6.0.9600.18006_none_623f33d3ecbe86e8\COMCTL32.dll
0x0000000063f70000 - 0x0000000064042000 	C:\Program Files\Java\jdk1.8.0_141\jre\bin\msvcr100.dll
0x00000000636d0000 - 0x0000000063f6d000 	C:\Program Files\Java\jdk1.8.0_141\jre\bin\server\jvm.dll
0x00007ff9cd440000 - 0x00007ff9cd449000 	C:\Windows\SYSTEM32\WSOCK32.dll
0x00007ff9d1ab0000 - 0x00007ff9d1ad2000 	C:\Windows\SYSTEM32\WINMM.dll
0x00007ff9d3840000 - 0x00007ff9d384a000 	C:\Windows\SYSTEM32\VERSION.dll
0x00007ff9d6f10000 - 0x00007ff9d6f17000 	C:\Windows\system32\PSAPI.DLL
0x00007ff9d8950000 - 0x00007ff9d89aa000 	C:\Windows\system32\WS2_32.dll
0x00007ff9d1a70000 - 0x00007ff9d1a9a000 	C:\Windows\SYSTEM32\WINMMBASE.dll
0x00007ff9d6b20000 - 0x00007ff9d6b29000 	C:\Windows\system32\NSI.dll
0x00007ff9d5ec0000 - 0x00007ff9d5f0f000 	C:\Windows\SYSTEM32\cfgmgr32.dll
0x00007ff9d4af0000 - 0x00007ff9d4b18000 	C:\Windows\SYSTEM32\DEVOBJ.dll
0x0000000064930000 - 0x000000006493f000 	C:\Program Files\Java\jdk1.8.0_141\jre\bin\verify.dll
0x00000000636a0000 - 0x00000000636c9000 	C:\Program Files\Java\jdk1.8.0_141\jre\bin\java.dll
0x0000000063650000 - 0x0000000063673000 	C:\Program Files\Java\jdk1.8.0_141\jre\bin\instrument.dll
0x0000000063680000 - 0x0000000063696000 	C:\Program Files\Java\jdk1.8.0_141\jre\bin\zip.dll
0x00007ff9c6790000 - 0x00007ff9c67aa000 	C:\Program Files\JetBrains\IntelliJ IDEA 2017.2.3\bin\breakgen64.dll
0x0000000063630000 - 0x000000006364a000 	C:\Program Files\Java\jdk1.8.0_141\jre\bin\net.dll
0x00007ff9d54e0000 - 0x00007ff9d5539000 	C:\Windows\system32\mswsock.dll

VM Arguments:
jvm_args: -javaagent:C:\Program Files\JetBrains\IntelliJ IDEA 2017.2.3\lib\idea_rt.jar=60237:C:\Program Files\JetBrains\IntelliJ IDEA 2017.2.3\bin -Dfile.encoding=UTF-8 
java_command: com.yefanov.example.Example
java_class_path (initial): C:\Program Files\Java\jdk1.8.0_141\jre\lib\charsets.jar;C:\Program Files\Java\jdk1.8.0_141\jre\lib\deploy.jar;C:\Program Files\Java\jdk1.8.0_141\jre\lib\ext\access-bridge-64.jar;C:\Program Files\Java\jdk1.8.0_141\jre\lib\ext\cldrdata.jar;C:\Program Files\Java\jdk1.8.0_141\jre\lib\ext\dnsns.jar;C:\Program Files\Java\jdk1.8.0_141\jre\lib\ext\jaccess.jar;C:\Program Files\Java\jdk1.8.0_141\jre\lib\ext\jfxrt.jar;C:\Program Files\Java\jdk1.8.0_141\jre\lib\ext\localedata.jar;C:\Program Files\Java\jdk1.8.0_141\jre\lib\ext\nashorn.jar;C:\Program Files\Java\jdk1.8.0_141\jre\lib\ext\sunec.jar;C:\Program Files\Java\jdk1.8.0_141\jre\lib\ext\sunjce_provider.jar;C:\Program Files\Java\jdk1.8.0_141\jre\lib\ext\sunmscapi.jar;C:\Program Files\Java\jdk1.8.0_141\jre\lib\ext\sunpkcs11.jar;C:\Program Files\Java\jdk1.8.0_141\jre\lib\ext\zipfs.jar;C:\Program Files\Java\jdk1.8.0_141\jre\lib\javaws.jar;C:\Program Files\Java\jdk1.8.0_141\jre\lib\jce.jar;C:\Program Files\Java\jdk1.8.0_141\jre\lib\jfr.jar;C:\Program Files\Java\jdk1.8.0_141\jre\lib\jfxswt.jar;C:\Program Files\Java\jdk1.8.0_141\jre\lib\jsse.jar;C:\Program Files\Java\jdk1.8.0_141\jre\lib\management-agent.jar;C:\Program Files\Java\jdk1.8.0_141\jre\lib\plugin.jar;C:\Program Files\Java\jdk1.8.0_141\jre\lib\resources.jar;C:\Program Files\Java\jdk1.8.0_141\jre\lib\rt.jar;E:\IdeaProjects\demo\target\classes;C:\Users\Никита\.m2\repository\org\springframework\boot\spring-boot-starter-data-rest\1.5.10.RELEASE\spring-boot-starter-data-rest-1.5.10.RELEASE.jar;C:\Users\Никита\.m2\repository\org\springframework\boot\spring-boot-starter\1.5.10.RELEASE\spring-boot-starter-1.5.10.RELEASE.jar;C:\Users\Никита\.m2\repository\org\springframework\boot\spring-boot\1.5.10.RELEASE\spring-boot-1.5.10.RELEASE.jar;C:\Users\Никита\.m2\repository\org\springframework\boot\spring-boot-autoconfigure\1.5.10.RELEASE\spring-boot-autoconfigure-1.5.10.RELEASE.jar;C:\Users\Никита\.m2\repository\org\springframework\boot\spring-boot-starter-l
Launcher Type: SUN_STANDARD

Environment Variables:
JAVA_HOME=C:\Program Files\Java\jdk1.8.0_141
PATH=C:\Program Files (x86)\ActiveState Komodo Edit 10\;C:\ProgramData\Oracle\Java\javapath;C:\Windows\system32;C:\Windows;C:\Windows\System32\Wbem;C:\Windows\System32\WindowsPowerShell\v1.0\;C:\Program Files (x86)\Skype\Phone\;C:\Program Files\Java\jdk1.8.0_141;C:\Program Files\nodejs\;C:\Program Files\Git\cmd;C:\Program Files\dotnet\;C:\Program Files\Microsoft SQL Server\130\Tools\Binn\;C:\Users\Никита\AppData\Roaming\npm
USERNAME=Никита
OS=Windows_NT
PROCESSOR_IDENTIFIER=Intel64 Family 6 Model 37 Stepping 5, GenuineIntel



---------------  S Y S T E M  ---------------

OS: Windows 8.1 , 64 bit Build 9600 (6.3.9600.17415)

CPU:total 4 (initial active 4) (2 cores per cpu, 2 threads per core) family 6 model 37 stepping 5, cmov, cx8, fxsr, mmx, sse, sse2, sse3, ssse3, sse4.1, sse4.2, popcnt, aes, clmul, ht, tsc, tscinvbit

Memory: 4k page, physical 4051356k(748652k free), swap 7197084k(261600k free)

vm_info: Java HotSpot(TM) 64-Bit Server VM (25.141-b15) for windows-amd64 JRE (1.8.0_141-b15), built on Jul 12 2017 04:25:12 by "java_re" with MS VC++ 10.0 (VS2010)

time: Mon Feb 19 14:44:56 2018
elapsed time: 31 seconds (0d 0h 0m 31s)

